<?xml version="1.0" encoding="UTF-8"?>
<!-- Generated by org.testng.reporters.JUnitReportReporter -->
<testsuite hostname="DESKTOP-O1K5DUQ" failures="0" tests="1" name="GreenFluxAssigment.ControlsTest" time="18.267" errors="0" timestamp="31 Oct 2020 15:05:43 GMT">
  <testcase classname="GreenFluxAssigment.ControlsTest" name="controls" time="18.267"/>
</testsuite> <!-- GreenFluxAssigment.ControlsTest -->
