<?xml version="1.0" encoding="UTF-8"?>
<!-- Generated by org.testng.reporters.JUnitReportReporter -->
<testsuite hostname="DESKTOP-O1K5DUQ" failures="0" tests="1" name="GreenFluxAssigment.TablesTest" time="12.078" errors="0" timestamp="2020-10-31T19:29:07 CET" skipped="0">
  <testcase classname="GreenFluxAssigment.TablesTest" name="Table" time="12.078"/>
  <system-out/>
</testsuite> <!-- GreenFluxAssigment.TablesTest -->
