<?xml version="1.0" encoding="UTF-8"?>
<!-- Generated by org.testng.reporters.JUnitReportReporter -->
<testsuite hostname="DESKTOP-O1K5DUQ" failures="0" tests="1" name="GreenFluxAssigment.LoginTestCase" time="13.406" errors="0" timestamp="31 Oct 2020 14:26:18 GMT">
  <testcase classname="GreenFluxAssigment.LoginTestCase" name="login" time="13.406"/>
</testsuite> <!-- GreenFluxAssigment.LoginTestCase -->
