<?xml version="1.0" encoding="UTF-8"?>
<!-- Generated by org.testng.reporters.JUnitReportReporter -->
<testsuite hostname="DESKTOP-O1K5DUQ" failures="0" tests="1" name="GreenFluxAssigment.LoginTest" time="11.762" errors="0" timestamp="2020-10-31T20:06:12 CET" skipped="0">
  <testcase classname="GreenFluxAssigment.LoginTest" name="login" time="11.762"/>
  <system-out/>
</testsuite> <!-- GreenFluxAssigment.LoginTest -->
