<?xml version="1.0" encoding="UTF-8"?>
<!-- Generated by org.testng.reporters.JUnitReportReporter -->
<testsuite hostname="DESKTOP-O1K5DUQ" failures="0" tests="1" name="GreenFluxAssigment.TablesTest" time="8.993" errors="0" timestamp="2020-11-01T18:20:45 CET" skipped="0">
  <testcase classname="GreenFluxAssigment.TablesTest" name="Table" time="8.993"/>
  <system-out/>
</testsuite> <!-- GreenFluxAssigment.TablesTest -->
